<?xml version="1.0" encoding="UTF-8"?>
<!-- Generated by org.testng.reporters.JUnitReportReporter -->
<testsuite hostname="DESKTOP-BVTS9GR" failures="0" tests="1" name="testCases.FileUploadDemo2" time="4.448" errors="0" timestamp="2024-05-01T00:22:44 CEST" skipped="0">
  <testcase classname="testCases.FileUploadDemo2" name="fileUploadTest" time="4.448"/>
</testsuite> <!-- testCases.FileUploadDemo2 -->
